{"name": "Test appearing the order id in 'In progress' field", "status": "broken", "statusDetails": {"message": "selenium.common.exceptions.TimeoutException: Message: Not found: ['xpath', \"//button[text()='Оформить заказ']\"]\nStacktrace:\n\tGetHandleVerifier [0x00007FF7FB9C9642+30946]\n\t(No symbol) [0x00007FF7FB97E3D9]\n\t(No symbol) [0x00007FF7FB876FDA]\n\t(No symbol) [0x00007FF7FB8C822C]\n\t(No symbol) [0x00007FF7FB8C850C]\n\t(No symbol) [0x00007FF7FB90DCB7]\n\t(No symbol) [0x00007FF7FB8ECAAF]\n\t(No symbol) [0x00007FF7FB90B041]\n\t(No symbol) [0x00007FF7FB8EC813]\n\t(No symbol) [0x00007FF7FB8BA6E5]\n\t(No symbol) [0x00007FF7FB8BB021]\n\tGetHandleVerifier [0x00007FF7FBAFF84D+1301229]\n\tGetHandleVerifier [0x00007FF7FBB0BDC7+1351783]\n\tGetHandleVerifier [0x00007FF7FBB02A13+1313971]\n\tGetHandleVerifier [0x00007FF7FB9FDD16+245686]\n\t(No symbol) [0x00007FF7FB98759F]\n\t(No symbol) [0x00007FF7FB983814]\n\t(No symbol) [0x00007FF7FB9839A2]\n\t(No symbol) [0x00007FF7FB97A3FF]\n\tBaseThreadInitThunk [0x00007FF9030E257D+29]\n\tRtlUserThreadStart [0x00007FF90486AF28+40]", "trace": "self = <tests.test_orders_feed_functionality.TestOrderFeedPage object at 0x000001CCA637C4D0>\ndriver = <selenium.webdriver.chrome.webdriver.WebDriver (session=\"0d565df04a923d1d6381dde4f9d411ae\")>, login_user = None\n\n    @allure.title(\"Test appearing the order id in 'In progress' field\")\n    def test_order_id_in_progress_field(self, driver, login_user):\n        main_page = MainPage(driver)\n        order_feed = OrderFeedPage(driver)\n>       order_id = main_page.make_order(Od.return_ingredients_to_order())\n\ntests\\test_orders_feed_functionality.py:64: \n_ _ _ _ _ _ _ _ _ _ _ _ _ _ _ _ _ _ _ _ _ _ _ _ _ _ _ _ _ _ _ _ _ _ _ _ _ _ _ _ _ _ _ _ _ _ _ _ _ _ _ _ _ _ _ _ _ _ _ _ _ _ _ _ _ _ _ _ _ _ _ _ _ _ _ _ _ _ _ _ _ _ _ _ _ _ _ _ _ _ _ _\npages\\main_page.py:45: in make_order\n    self.click_make_order()\npages\\main_page.py:36: in click_make_order\n    self.click_on_element(Mpl.MAKE_ORDER_BUTTON)\npages\\base_page.py:51: in click_on_element\n    self.scroll_to_element(element_locator)\npages\\base_page.py:41: in scroll_to_element\n    element = self.check_presence_of_element(element_locator)\npages\\base_page.py:30: in check_presence_of_element\n    element = WebDriverWait(self.driver, self.timeout).until(\n_ _ _ _ _ _ _ _ _ _ _ _ _ _ _ _ _ _ _ _ _ _ _ _ _ _ _ _ _ _ _ _ _ _ _ _ _ _ _ _ _ _ _ _ _ _ _ _ _ _ _ _ _ _ _ _ _ _ _ _ _ _ _ _ _ _ _ _ _ _ _ _ _ _ _ _ _ _ _ _ _ _ _ _ _ _ _ _ _ _ _ _\n\nself = <selenium.webdriver.support.wait.WebDriverWait (session=\"0d565df04a923d1d6381dde4f9d411ae\")>\nmethod = <function presence_of_element_located.<locals>._predicate at 0x000001CCA78EDBC0>, message = 'Not found: [\\'xpath\\', \"//button[text()=\\'Оформить заказ\\']\"]'\n\n    def until(self, method: Callable[[D], Union[Literal[False], T]], message: str = \"\") -> T:\n        \"\"\"Calls the method provided with the driver as an argument until the \\\n        return value does not evaluate to ``False``.\n    \n        :param method: callable(WebDriver)\n        :param message: optional message for :exc:`TimeoutException`\n        :returns: the result of the last call to `method`\n        :raises: :exc:`selenium.common.exceptions.TimeoutException` if timeout occurs\n        \"\"\"\n        screen = None\n        stacktrace = None\n    \n        end_time = time.monotonic() + self._timeout\n        while True:\n            try:\n                value = method(self._driver)\n                if value:\n                    return value\n            except self._ignored_exceptions as exc:\n                screen = getattr(exc, \"screen\", None)\n                stacktrace = getattr(exc, \"stacktrace\", None)\n            time.sleep(self._poll)\n            if time.monotonic() > end_time:\n                break\n>       raise TimeoutException(message, screen, stacktrace)\nE       selenium.common.exceptions.TimeoutException: Message: Not found: ['xpath', \"//button[text()='Оформить заказ']\"]\nE       Stacktrace:\nE       \tGetHandleVerifier [0x00007FF7FB9C9642+30946]\nE       \t(No symbol) [0x00007FF7FB97E3D9]\nE       \t(No symbol) [0x00007FF7FB876FDA]\nE       \t(No symbol) [0x00007FF7FB8C822C]\nE       \t(No symbol) [0x00007FF7FB8C850C]\nE       \t(No symbol) [0x00007FF7FB90DCB7]\nE       \t(No symbol) [0x00007FF7FB8ECAAF]\nE       \t(No symbol) [0x00007FF7FB90B041]\nE       \t(No symbol) [0x00007FF7FB8EC813]\nE       \t(No symbol) [0x00007FF7FB8BA6E5]\nE       \t(No symbol) [0x00007FF7FB8BB021]\nE       \tGetHandleVerifier [0x00007FF7FBAFF84D+1301229]\nE       \tGetHandleVerifier [0x00007FF7FBB0BDC7+1351783]\nE       \tGetHandleVerifier [0x00007FF7FBB02A13+1313971]\nE       \tGetHandleVerifier [0x00007FF7FB9FDD16+245686]\nE       \t(No symbol) [0x00007FF7FB98759F]\nE       \t(No symbol) [0x00007FF7FB983814]\nE       \t(No symbol) [0x00007FF7FB9839A2]\nE       \t(No symbol) [0x00007FF7FB97A3FF]\nE       \tBaseThreadInitThunk [0x00007FF9030E257D+29]\nE       \tRtlUserThreadStart [0x00007FF90486AF28+40]\n\n..\\..\\..\\AppData\\Local\\Programs\\Python\\Python311\\Lib\\site-packages\\selenium\\webdriver\\support\\wait.py:105: TimeoutException"}, "steps": [{"name": "Making order", "status": "broken", "statusDetails": {"message": "selenium.common.exceptions.TimeoutException: Message: Not found: ['xpath', \"//button[text()='Оформить заказ']\"]\nStacktrace:\n\tGetHandleVerifier [0x00007FF7FB9C9642+30946]\n\t(No symbol) [0x00007FF7FB97E3D9]\n\t(No symbol) [0x00007FF7FB876FDA]\n\t(No symbol) [0x00007FF7FB8C822C]\n\t(No symbol) [0x00007FF7FB8C850C]\n\t(No symbol) [0x00007FF7FB90DCB7]\n\t(No symbol) [0x00007FF7FB8ECAAF]\n\t(No symbol) [0x00007FF7FB90B041]\n\t(No symbol) [0x00007FF7FB8EC813]\n\t(No symbol) [0x00007FF7FB8BA6E5]\n\t(No symbol) [0x00007FF7FB8BB021]\n\tGetHandleVerifier [0x00007FF7FBAFF84D+1301229]\n\tGetHandleVerifier [0x00007FF7FBB0BDC7+1351783]\n\tGetHandleVerifier [0x00007FF7FBB02A13+1313971]\n\tGetHandleVerifier [0x00007FF7FB9FDD16+245686]\n\t(No symbol) [0x00007FF7FB98759F]\n\t(No symbol) [0x00007FF7FB983814]\n\t(No symbol) [0x00007FF7FB9839A2]\n\t(No symbol) [0x00007FF7FB97A3FF]\n\tBaseThreadInitThunk [0x00007FF9030E257D+29]\n\tRtlUserThreadStart [0x00007FF90486AF28+40]\n\n", "trace": "  File \"C:\\Users\\NastyaTs\\AppData\\Local\\Programs\\Python\\Python311\\Lib\\site-packages\\allure_commons\\_allure.py\", line 192, in impl\n    return func(*a, **kw)\n           ^^^^^^^^^^^^^^\n  File \"C:\\Users\\NastyaTs\\PycharmProjects\\Diplom\\Diplom_3\\pages\\main_page.py\", line 45, in make_order\n    self.click_make_order()\n  File \"C:\\Users\\NastyaTs\\AppData\\Local\\Programs\\Python\\Python311\\Lib\\site-packages\\allure_commons\\_allure.py\", line 192, in impl\n    return func(*a, **kw)\n           ^^^^^^^^^^^^^^\n  File \"C:\\Users\\NastyaTs\\PycharmProjects\\Diplom\\Diplom_3\\pages\\main_page.py\", line 36, in click_make_order\n    self.click_on_element(Mpl.MAKE_ORDER_BUTTON)\n  File \"C:\\Users\\NastyaTs\\PycharmProjects\\Diplom\\Diplom_3\\pages\\base_page.py\", line 51, in click_on_element\n    self.scroll_to_element(element_locator)\n  File \"C:\\Users\\NastyaTs\\PycharmProjects\\Diplom\\Diplom_3\\pages\\base_page.py\", line 41, in scroll_to_element\n    element = self.check_presence_of_element(element_locator)\n              ^^^^^^^^^^^^^^^^^^^^^^^^^^^^^^^^^^^^^^^^^^^^^^^\n  File \"C:\\Users\\NastyaTs\\PycharmProjects\\Diplom\\Diplom_3\\pages\\base_page.py\", line 30, in check_presence_of_element\n    element = WebDriverWait(self.driver, self.timeout).until(\n              ^^^^^^^^^^^^^^^^^^^^^^^^^^^^^^^^^^^^^^^^^^^^^^^\n  File \"C:\\Users\\NastyaTs\\AppData\\Local\\Programs\\Python\\Python311\\Lib\\site-packages\\selenium\\webdriver\\support\\wait.py\", line 105, in until\n    raise TimeoutException(message, screen, stacktrace)\n"}, "steps": [{"name": "Open main page", "status": "passed", "start": 1724621863077, "stop": 1724621863276}, {"name": "Add an ingredient to the order", "status": "passed", "parameters": [{"name": "ingredient_locator", "value": "['xpath', \"//a[@href='/ingredient/61c0c5a71d1f82001bdaaa6c']\"]"}], "start": 1724621863847, "stop": 1724621864424}, {"name": "Add an ingredient to the order", "status": "passed", "parameters": [{"name": "ingredient_locator", "value": "['xpath', \"//a[@href='/ingredient/61c0c5a71d1f82001bdaaa74']\"]"}], "start": 1724621864492, "stop": 1724621865093}, {"name": "Add an ingredient to the order", "status": "passed", "parameters": [{"name": "ingredient_locator", "value": "['xpath', \"//a[@href='/ingredient/61c0c5a71d1f82001bdaaa71']\"]"}], "start": 1724621865147, "stop": 1724621865754}, {"name": "Click on make order button", "status": "broken", "statusDetails": {"message": "selenium.common.exceptions.TimeoutException: Message: Not found: ['xpath', \"//button[text()='Оформить заказ']\"]\nStacktrace:\n\tGetHandleVerifier [0x00007FF7FB9C9642+30946]\n\t(No symbol) [0x00007FF7FB97E3D9]\n\t(No symbol) [0x00007FF7FB876FDA]\n\t(No symbol) [0x00007FF7FB8C822C]\n\t(No symbol) [0x00007FF7FB8C850C]\n\t(No symbol) [0x00007FF7FB90DCB7]\n\t(No symbol) [0x00007FF7FB8ECAAF]\n\t(No symbol) [0x00007FF7FB90B041]\n\t(No symbol) [0x00007FF7FB8EC813]\n\t(No symbol) [0x00007FF7FB8BA6E5]\n\t(No symbol) [0x00007FF7FB8BB021]\n\tGetHandleVerifier [0x00007FF7FBAFF84D+1301229]\n\tGetHandleVerifier [0x00007FF7FBB0BDC7+1351783]\n\tGetHandleVerifier [0x00007FF7FBB02A13+1313971]\n\tGetHandleVerifier [0x00007FF7FB9FDD16+245686]\n\t(No symbol) [0x00007FF7FB98759F]\n\t(No symbol) [0x00007FF7FB983814]\n\t(No symbol) [0x00007FF7FB9839A2]\n\t(No symbol) [0x00007FF7FB97A3FF]\n\tBaseThreadInitThunk [0x00007FF9030E257D+29]\n\tRtlUserThreadStart [0x00007FF90486AF28+40]\n\n", "trace": "  File \"C:\\Users\\NastyaTs\\AppData\\Local\\Programs\\Python\\Python311\\Lib\\site-packages\\allure_commons\\_allure.py\", line 192, in impl\n    return func(*a, **kw)\n           ^^^^^^^^^^^^^^\n  File \"C:\\Users\\NastyaTs\\PycharmProjects\\Diplom\\Diplom_3\\pages\\main_page.py\", line 36, in click_make_order\n    self.click_on_element(Mpl.MAKE_ORDER_BUTTON)\n  File \"C:\\Users\\NastyaTs\\PycharmProjects\\Diplom\\Diplom_3\\pages\\base_page.py\", line 51, in click_on_element\n    self.scroll_to_element(element_locator)\n  File \"C:\\Users\\NastyaTs\\PycharmProjects\\Diplom\\Diplom_3\\pages\\base_page.py\", line 41, in scroll_to_element\n    element = self.check_presence_of_element(element_locator)\n              ^^^^^^^^^^^^^^^^^^^^^^^^^^^^^^^^^^^^^^^^^^^^^^^\n  File \"C:\\Users\\NastyaTs\\PycharmProjects\\Diplom\\Diplom_3\\pages\\base_page.py\", line 30, in check_presence_of_element\n    element = WebDriverWait(self.driver, self.timeout).until(\n              ^^^^^^^^^^^^^^^^^^^^^^^^^^^^^^^^^^^^^^^^^^^^^^^\n  File \"C:\\Users\\NastyaTs\\AppData\\Local\\Programs\\Python\\Python311\\Lib\\site-packages\\selenium\\webdriver\\support\\wait.py\", line 105, in until\n    raise TimeoutException(message, screen, stacktrace)\n"}, "start": 1724621865754, "stop": 1724621876059}], "parameters": [{"name": "ingredients", "value": "[['xpath', \"//a[@href='/ingredient/61c0c5a71d1f82001bdaaa6c']\"], ['xpath', \"//a[@href='/ingredient/61c0c5a71d1f82001bdaaa74']\"], ['xpath', \"//a[@href='/ingredient/61c0c5a71d1f82001bdaaa71']\"]]"}], "start": 1724621863077, "stop": 1724621876059}], "parameters": [{"name": "driver", "value": "'chrome'"}], "start": 1724621863042, "stop": 1724621876059, "uuid": "7e71ece9-fec9-4d8b-8e2e-805aef81e9b4", "historyId": "538e2ac268ee4f4bdb9bea40192a2b77", "testCaseId": "5cdc8f70ea7e7c16f47e46e5ce4408f8", "fullName": "tests.test_orders_feed_functionality.TestOrderFeedPage#test_order_id_in_progress_field", "labels": [{"name": "parentSuite", "value": "tests"}, {"name": "suite", "value": "test_orders_feed_functionality"}, {"name": "subSuite", "value": "TestOrderFeedPage"}, {"name": "host", "value": "LAPTOP-B1V9C35F"}, {"name": "thread", "value": "10908-MainThread"}, {"name": "framework", "value": "pytest"}, {"name": "language", "value": "cpython3"}, {"name": "package", "value": "tests.test_orders_feed_functionality"}]}